<?xml version="1.0" encoding="UTF-8"?>
<!-- Generated by org.testng.reporters.JUnitXMLReporter -->
<testsuite ignored="0" hostname="LAPTOP-31STHN3D" failures="1" tests="1" name="Default test" time="12.611" errors="0" timestamp="2025-05-25T19:33:22 IST">
  <testcase classname="io.cucumber.testng.AbstractTestNGCucumberTests" name="runScenario" time="11.917">
    <failure type="java.lang.AssertionError" message="Header text does not match expected! expected [Appointment Confirmatio] but found [Appointment Confirmation]">
      <![CDATA[java.lang.AssertionError: Header text does not match expected! expected [Appointment Confirmatio] but found [Appointment Confirmation]
at org.testng.Assert.fail(Assert.java:111)
at org.testng.Assert.failNotEquals(Assert.java:1590)
at org.testng.Assert.assertEqualsImpl(Assert.java:150)
at org.testng.Assert.assertEquals(Assert.java:132)
at org.testng.Assert.assertEquals(Assert.java:656)
at pages.LoginPage.ConfirmMethod(LoginPage.java:102)
at stepdefinitions.CuraStepdefinition.confirmation_step(CuraStepdefinition.java:80)
at ✽.Appointment confirmation page appears(file:///C:/Users/bhand/eclipse-automation/CuraHealth/src/test/resources/features/appointment.feature:33)
]]>
    </failure>
  </testcase> <!-- runScenario -->
</testsuite> <!-- Default test -->
